2018-10-12 21:54:42,193 WARNING Not Found: /PowerApp
2018-10-12 21:54:49,922 WARNING Not Found: /favicon.ico
2018-10-13 10:45:43,220 WARNING Not Found: /
2018-10-13 10:45:43,626 WARNING Not Found: /favicon.ico
2018-10-13 13:58:15,241 DEBUG login: request is from the IP:106.198.149.163
2018-10-13 13:58:15,243 DEBUG login:input: user=admin
2018-10-13 14:50:23,094 DEBUG login: request is from the IP:106.198.230.38
2018-10-13 14:50:23,094 DEBUG login:input: user=admin
2018-10-13 14:52:23,881 DEBUG login: request is from the IP:106.199.103.206
2018-10-13 14:52:23,881 DEBUG login:input: user=admin
2018-10-16 14:34:04,677 WARNING Not Found: /LIGHTSBotApp/get_nodes_premisis/
2018-10-21 13:12:33,705 ERROR Invalid HTTP_HOST header: 'xui.ptlogin2.qq.com:443'. You may need to add u'xui.ptlogin2.qq.com' to ALLOWED_HOSTS.
2018-10-27 12:45:45,056 WARNING Not Found: /
2018-10-27 12:45:45,818 WARNING Not Found: /favicon.ico
2018-10-27 12:45:52,209 WARNING Not Found: /PowerApp/
2018-10-29 18:01:58,891 WARNING Not Found: /LIGHTSBotApp/get_nodes_premisis/
2018-12-15 16:53:44,082 WARNING Not Found: /
2018-12-15 16:53:44,100 ERROR add_watch: cannot watch /usr/lib/python2.7/urllib2.py WD=-1, Errno=No space left on device (ENOSPC)
2018-12-15 16:53:44,100 ERROR add_watch: cannot watch /usr/local/lib/python2.7/dist-packages/django/contrib/sessions/exceptions.py WD=-1, Errno=No space left on device (ENOSPC)
2018-12-15 16:53:44,100 ERROR add_watch: cannot watch /usr/local/lib/python2.7/dist-packages/django/contrib/messages/storage/session.py WD=-1, Errno=No space left on device (ENOSPC)
2018-12-15 16:53:44,100 ERROR add_watch: cannot watch /home/jtsadmin/django/PowerStatus/PowerApp/migrations/__init__.py WD=-1, Errno=No space left on device (ENOSPC)
2018-12-15 16:53:44,101 ERROR add_watch: cannot watch /usr/local/lib/python2.7/dist-packages/django/contrib/messages/storage/fallback.py WD=-1, Errno=No space left on device (ENOSPC)
2018-12-15 16:53:44,101 ERROR add_watch: cannot watch /usr/local/lib/python2.7/dist-packages/django/contrib/admin/templatetags/log.py WD=-1, Errno=No space left on device (ENOSPC)
2018-12-15 16:53:44,101 ERROR add_watch: cannot watch /usr/local/lib/python2.7/dist-packages/django/contrib/admin/views/main.py WD=-1, Errno=No space left on device (ENOSPC)
2018-12-15 16:53:44,101 ERROR add_watch: cannot watch /usr/local/lib/python2.7/dist-packages/django/db/migrations/loader.py WD=-1, Errno=No space left on device (ENOSPC)
2018-12-15 16:53:44,101 ERROR add_watch: cannot watch /usr/local/lib/python2.7/dist-packages/django/contrib/auth/migrations/0002_alter_permission_name_max_length.py WD=-1, Errno=No space left on device (ENOSPC)
2018-12-15 16:53:44,101 ERROR add_watch: cannot watch /usr/local/lib/python2.7/dist-packages/django/contrib/contenttypes/views.py WD=-1, Errno=No space left on device (ENOSPC)
2018-12-15 16:53:44,101 ERROR add_watch: cannot watch /home/jtsadmin/django/PowerStatus/PowerApp/migrations/0001_initial.py WD=-1, Errno=No space left on device (ENOSPC)
2018-12-15 16:53:44,101 ERROR add_watch: cannot watch /usr/local/lib/python2.7/dist-packages/django/contrib/admin/templatetags/admin_modify.py WD=-1, Errno=No space left on device (ENOSPC)
2018-12-15 16:53:44,102 ERROR add_watch: cannot watch /usr/local/lib/python2.7/dist-packages/django/contrib/sessions/middleware.py WD=-1, Errno=No space left on device (ENOSPC)
2018-12-15 16:53:44,102 ERROR add_watch: cannot watch /usr/local/lib/python2.7/dist-packages/django/contrib/auth/migrations/0001_initial.py WD=-1, Errno=No space left on device (ENOSPC)
2018-12-15 16:53:44,102 ERROR add_watch: cannot watch /usr/local/lib/python2.7/dist-packages/django/contrib/sessions/backends/__init__.py WD=-1, Errno=No space left on device (ENOSPC)
2018-12-15 16:53:44,102 ERROR add_watch: cannot watch /usr/local/lib/python2.7/dist-packages/django/contrib/sites/requests.py WD=-1, Errno=No space left on device (ENOSPC)
2018-12-15 16:53:44,102 ERROR add_watch: cannot watch /home/jtsadmin/django/PowerStatus/PowerApp/urls.py WD=-1, Errno=No space left on device (ENOSPC)
2018-12-15 16:53:44,102 ERROR add_watch: cannot watch /usr/local/lib/python2.7/dist-packages/django/contrib/admin/migrations/__init__.py WD=-1, Errno=No space left on device (ENOSPC)
2018-12-15 16:53:44,102 ERROR add_watch: cannot watch /usr/lib/python2.7/imghdr.py WD=-1, Errno=No space left on device (ENOSPC)
2018-12-15 16:53:44,102 ERROR add_watch: cannot watch /usr/local/lib/python2.7/dist-packages/django/contrib/sessions/backends/base.py WD=-1, Errno=No space left on device (ENOSPC)
2018-12-15 16:53:44,102 ERROR add_watch: cannot watch /usr/lib/python2.7/encodings/latin_1.py WD=-1, Errno=No space left on device (ENOSPC)
2018-12-15 16:53:44,102 ERROR add_watch: cannot watch /usr/local/lib/python2.7/dist-packages/django/contrib/staticfiles/templatetags/__init__.py WD=-1, Errno=No space left on device (ENOSPC)
2018-12-15 16:53:44,103 ERROR add_watch: cannot watch /usr/local/lib/python2.7/dist-packages/django/contrib/admin/views/__init__.py WD=-1, Errno=No space left on device (ENOSPC)
2018-12-15 16:53:44,103 ERROR add_watch: cannot watch /usr/local/lib/python2.7/dist-packages/django/templatetags/l10n.py WD=-1, Errno=No space left on device (ENOSPC)
2018-12-15 16:53:44,103 ERROR add_watch: cannot watch /usr/local/lib/python2.7/dist-packages/django/db/backends/mysql/compiler.py WD=-1, Errno=No space left on device (ENOSPC)
2018-12-15 16:53:44,103 ERROR add_watch: cannot watch /usr/local/lib/python2.7/dist-packages/django/contrib/auth/migrations/0005_alter_user_last_login_null.py WD=-1, Errno=No space left on device (ENOSPC)
2018-12-15 16:53:44,103 ERROR add_watch: cannot watch /usr/local/lib/python2.7/dist-packages/django/contrib/messages/middleware.py WD=-1, Errno=No space left on device (ENOSPC)
2018-12-15 16:53:44,103 ERROR add_watch: cannot watch /usr/local/lib/python2.7/dist-packages/django/shortcuts.py WD=-1, Errno=No space left on device (ENOSPC)
2018-12-15 16:53:44,103 ERROR add_watch: cannot watch /usr/local/lib/python2.7/dist-packages/corsheaders/middleware.py WD=-1, Errno=No space left on device (ENOSPC)
2018-12-15 16:53:44,103 ERROR add_watch: cannot watch /usr/local/lib/python2.7/dist-packages/corsheaders/compat.py WD=-1, Errno=No space left on device (ENOSPC)
2018-12-15 16:53:44,103 ERROR add_watch: cannot watch /usr/local/lib/python2.7/dist-packages/django/templatetags/i18n.py WD=-1, Errno=No space left on device (ENOSPC)
2018-12-15 16:53:44,103 ERROR add_watch: cannot watch /usr/local/lib/python2.7/dist-packages/django/contrib/sessions/backends/db.py WD=-1, Errno=No space left on device (ENOSPC)
2018-12-15 16:53:44,104 ERROR add_watch: cannot watch /usr/local/lib/python2.7/dist-packages/django/contrib/messages/storage/base.py WD=-1, Errno=No space left on device (ENOSPC)
2018-12-15 16:53:44,104 ERROR add_watch: cannot watch /usr/local/lib/python2.7/dist-packages/django/contrib/auth/backends.py WD=-1, Errno=No space left on device (ENOSPC)
2018-12-15 16:53:44,104 ERROR add_watch: cannot watch /usr/local/lib/python2.7/dist-packages/django/templatetags/cache.py WD=-1, Errno=No space left on device (ENOSPC)
2018-12-15 16:53:44,104 ERROR add_watch: cannot watch /usr/local/lib/python2.7/dist-packages/corsheaders/signals.py WD=-1, Errno=No space left on device (ENOSPC)
2018-12-15 16:53:44,104 ERROR add_watch: cannot watch /usr/local/lib/python2.7/dist-packages/django/contrib/auth/migrations/__init__.py WD=-1, Errno=No space left on device (ENOSPC)
2018-12-15 16:53:44,104 ERROR add_watch: cannot watch /usr/local/lib/python2.7/dist-packages/django/contrib/admin/templatetags/admin_static.py WD=-1, Errno=No space left on device (ENOSPC)
2018-12-15 16:53:44,104 ERROR add_watch: cannot watch /usr/local/lib/python2.7/dist-packages/django/contrib/admin/migrations/0002_logentry_remove_auto_add.py WD=-1, Errno=No space left on device (ENOSPC)
2018-12-15 16:53:44,104 ERROR add_watch: cannot watch /usr/local/lib/python2.7/dist-packages/django/db/migrations/executor.py WD=-1, Errno=No space left on device (ENOSPC)
2018-12-15 16:53:44,104 ERROR add_watch: cannot watch /usr/local/lib/python2.7/dist-packages/django/contrib/auth/migrations/0004_alter_user_username_opts.py WD=-1, Errno=No space left on device (ENOSPC)
2018-12-15 16:53:44,104 ERROR add_watch: cannot watch /usr/local/lib/python2.7/dist-packages/django/templatetags/tz.py WD=-1, Errno=No space left on device (ENOSPC)
2018-12-15 16:53:44,105 ERROR add_watch: cannot watch /usr/lib/python2.7/sndhdr.py WD=-1, Errno=No space left on device (ENOSPC)
2018-12-15 16:53:44,105 ERROR add_watch: cannot watch /usr/local/lib/python2.7/dist-packages/django/contrib/admin/migrations/0001_initial.py WD=-1, Errno=No space left on device (ENOSPC)
2018-12-15 16:53:44,105 ERROR add_watch: cannot watch /usr/local/lib/python2.7/dist-packages/django/contrib/sessions/migrations/__init__.py WD=-1, Errno=No space left on device (ENOSPC)
2018-12-15 16:53:44,105 ERROR add_watch: cannot watch /usr/local/lib/python2.7/dist-packages/django/contrib/auth/middleware.py WD=-1, Errno=No space left on device (ENOSPC)
2018-12-15 16:53:44,105 ERROR add_watch: cannot watch /usr/local/lib/python2.7/dist-packages/django/middleware/clickjacking.py WD=-1, Errno=No space left on device (ENOSPC)
2018-12-15 16:53:44,105 ERROR add_watch: cannot watch /usr/local/lib/python2.7/dist-packages/django/contrib/auth/migrations/0003_alter_user_email_max_length.py WD=-1, Errno=No space left on device (ENOSPC)
2018-12-15 16:53:44,105 ERROR add_watch: cannot watch /usr/local/lib/python2.7/dist-packages/django/db/migrations/graph.py WD=-1, Errno=No space left on device (ENOSPC)
2018-12-15 16:53:44,105 ERROR add_watch: cannot watch /usr/local/lib/python2.7/dist-packages/django/contrib/auth/migrations/0008_alter_user_username_max_length.py WD=-1, Errno=No space left on device (ENOSPC)
2018-12-15 16:53:44,105 ERROR add_watch: cannot watch /home/jtsadmin/django/PowerStatus/PowerApp/views.py WD=-1, Errno=No space left on device (ENOSPC)
2018-12-15 16:53:44,105 ERROR add_watch: cannot watch /usr/local/lib/python2.7/dist-packages/django/contrib/auth/migrations/0007_alter_validators_add_error_messages.py WD=-1, Errno=No space left on device (ENOSPC)
2018-12-15 16:53:44,106 ERROR add_watch: cannot watch /usr/local/lib/python2.7/dist-packages/django/contrib/staticfiles/templatetags/staticfiles.py WD=-1, Errno=No space left on device (ENOSPC)
2018-12-15 16:53:44,106 ERROR add_watch: cannot watch /usr/local/lib/python2.7/dist-packages/django/contrib/sessions/serializers.py WD=-1, Errno=No space left on device (ENOSPC)
2018-12-15 16:53:44,106 ERROR add_watch: cannot watch /usr/local/lib/python2.7/dist-packages/django/middleware/security.py WD=-1, Errno=No space left on device (ENOSPC)
2018-12-15 16:53:44,106 ERROR add_watch: cannot watch /usr/local/lib/python2.7/dist-packages/django/db/migrations/recorder.py WD=-1, Errno=No space left on device (ENOSPC)
2018-12-15 16:53:44,106 ERROR add_watch: cannot watch /usr/local/lib/python2.7/dist-packages/django/contrib/contenttypes/migrations/0002_remove_content_type_name.py WD=-1, Errno=No space left on device (ENOSPC)
2018-12-15 16:53:44,106 ERROR add_watch: cannot watch /usr/local/lib/python2.7/dist-packages/django/contrib/admin/templatetags/admin_list.py WD=-1, Errno=No space left on device (ENOSPC)
2018-12-15 16:53:44,106 ERROR add_watch: cannot watch /usr/local/lib/python2.7/dist-packages/django/contrib/messages/storage/cookie.py WD=-1, Errno=No space left on device (ENOSPC)
2018-12-15 16:53:44,106 ERROR add_watch: cannot watch /usr/local/lib/python2.7/dist-packages/django/contrib/messages/utils.py WD=-1, Errno=No space left on device (ENOSPC)
2018-12-15 16:53:45,057 WARNING Not Found: /favicon.ico
2018-12-15 17:19:43,822 WARNING Not Found: /
2018-12-15 17:19:44,744 WARNING Not Found: /favicon.ico
2018-12-15 17:20:42,369 WARNING Not Found: /
2018-12-15 17:20:50,397 WARNING Not Found: /
2018-12-15 17:21:50,631 WARNING Not Found: /
2018-12-15 17:22:17,674 DEBUG login: request is from the IP:115.98.91.33
2018-12-15 17:22:17,674 DEBUG login:input: user=admin
2018-12-15 17:22:24,243 ERROR add_watch: cannot watch /usr/lib/python2.7/_strptime.py WD=-1, Errno=No space left on device (ENOSPC)
2018-12-15 17:31:58,087 WARNING Not Found: /favicon.ico
2018-12-15 17:32:31,899 DEBUG login: request is from the IP:157.48.19.239
2018-12-15 17:32:31,900 DEBUG login:input: user=admin
2018-12-15 18:41:50,157 DEBUG login: request is from the IP:122.175.46.31
2018-12-15 18:41:50,157 DEBUG login:input: user=admin
2018-12-15 18:46:16,827 DEBUG login: request is from the IP:157.48.19.239
2018-12-15 18:46:16,827 DEBUG login:input: user=admin
2018-12-15 19:28:26,655 WARNING Not Found: /
2018-12-15 19:28:27,496 WARNING Not Found: /favicon.ico
2018-12-15 19:28:44,212 WARNING Not Found: /PowerApp/
2018-12-15 19:29:01,317 WARNING Not Found: /PowerApp/
2018-12-17 17:07:20,565 DEBUG login: request is from the IP:27.6.183.167
2018-12-17 17:07:20,565 DEBUG login:input: user=admin
2018-12-18 10:08:40,325 DEBUG login: request is from the IP:122.175.46.31
2018-12-18 10:08:40,325 DEBUG login:input: user=admin
2018-12-18 14:31:19,159 DEBUG login: request is from the IP:123.176.44.4
2018-12-18 14:31:19,159 DEBUG login:input: user=Power
2018-12-18 14:31:27,553 DEBUG login: request is from the IP:123.176.44.4
2018-12-18 14:31:27,553 DEBUG login:input: user=Power
2018-12-18 14:31:28,279 DEBUG login: request is from the IP:123.176.44.4
2018-12-18 14:31:28,279 DEBUG login:input: user=Power
2018-12-18 14:31:28,453 DEBUG login: request is from the IP:123.176.44.4
2018-12-18 14:31:28,453 DEBUG login:input: user=Power
2018-12-18 14:31:28,527 DEBUG login: request is from the IP:123.176.44.4
2018-12-18 14:31:28,527 DEBUG login:input: user=Power
2018-12-18 14:31:28,620 DEBUG login: request is from the IP:123.176.44.4
2018-12-18 14:31:28,620 DEBUG login:input: user=Power
2018-12-18 14:31:28,789 DEBUG login: request is from the IP:123.176.44.4
2018-12-18 14:31:28,789 DEBUG login:input: user=Power
2018-12-18 14:31:28,938 DEBUG login: request is from the IP:123.176.44.4
2018-12-18 14:31:28,938 DEBUG login:input: user=Power
2018-12-18 14:31:45,817 DEBUG login: request is from the IP:123.176.44.4
2018-12-18 14:31:45,817 DEBUG login:input: user=Admin
2018-12-18 14:31:48,868 DEBUG login: request is from the IP:115.118.115.169
2018-12-18 14:31:48,868 DEBUG login:input: user=admin
2018-12-18 14:33:28,278 DEBUG login: request is from the IP:123.176.44.4
2018-12-18 14:33:28,278 DEBUG login:input: user=Admin
2018-12-18 14:40:15,124 DEBUG login: request is from the IP:27.6.183.167
2018-12-18 14:40:15,125 DEBUG login:input: user=admin
2018-12-18 16:38:44,775 DEBUG login: request is from the IP:115.98.91.33
2018-12-18 16:38:44,775 DEBUG login:input: user=admin
2018-12-18 16:49:31,276 WARNING Not Found: /
2018-12-18 16:49:31,849 WARNING Not Found: /favicon.ico
2018-12-18 16:50:24,746 ERROR add_watch: cannot watch /home/jtsadmin/django/PowerStatus/PowerApp/migrations/__init__.py WD=-1, Errno=No space left on device (ENOSPC)
2018-12-18 16:50:24,746 ERROR add_watch: cannot watch /usr/local/lib/python2.7/dist-packages/django/contrib/admin/templatetags/log.py WD=-1, Errno=No space left on device (ENOSPC)
2018-12-18 16:50:24,746 ERROR add_watch: cannot watch /usr/local/lib/python2.7/dist-packages/django/contrib/sessions/exceptions.py WD=-1, Errno=No space left on device (ENOSPC)
2018-12-18 16:50:24,746 ERROR add_watch: cannot watch /usr/local/lib/python2.7/dist-packages/django/db/migrations/loader.py WD=-1, Errno=No space left on device (ENOSPC)
2018-12-18 16:50:24,746 ERROR add_watch: cannot watch /usr/local/lib/python2.7/dist-packages/django/contrib/auth/migrations/0004_alter_user_username_opts.py WD=-1, Errno=No space left on device (ENOSPC)
2018-12-18 16:50:24,746 ERROR add_watch: cannot watch /home/jtsadmin/django/PowerStatus/PowerStatus/urls.py WD=-1, Errno=No space left on device (ENOSPC)
2018-12-18 16:50:24,746 ERROR add_watch: cannot watch /usr/local/lib/python2.7/dist-packages/django/contrib/contenttypes/views.py WD=-1, Errno=No space left on device (ENOSPC)
2018-12-18 16:50:24,746 ERROR add_watch: cannot watch /home/jtsadmin/django/PowerStatus/PowerApp/migrations/0001_initial.py WD=-1, Errno=No space left on device (ENOSPC)
2018-12-18 16:50:24,747 ERROR add_watch: cannot watch /usr/local/lib/python2.7/dist-packages/django/templatetags/i18n.py WD=-1, Errno=No space left on device (ENOSPC)
2018-12-18 16:50:24,747 ERROR add_watch: cannot watch /usr/local/lib/python2.7/dist-packages/django/middleware/common.py WD=-1, Errno=No space left on device (ENOSPC)
2018-12-18 16:50:24,747 ERROR add_watch: cannot watch /usr/local/lib/python2.7/dist-packages/django/contrib/auth/migrations/0001_initial.py WD=-1, Errno=No space left on device (ENOSPC)
2018-12-18 16:50:24,747 ERROR add_watch: cannot watch /usr/local/lib/python2.7/dist-packages/django/templatetags/tz.py WD=-1, Errno=No space left on device (ENOSPC)
2018-12-18 16:50:24,747 ERROR add_watch: cannot watch /usr/local/lib/python2.7/dist-packages/django/contrib/sites/requests.py WD=-1, Errno=No space left on device (ENOSPC)
2018-12-18 16:50:24,747 ERROR add_watch: cannot watch /usr/local/lib/python2.7/dist-packages/django/contrib/admin/migrations/__init__.py WD=-1, Errno=No space left on device (ENOSPC)
2018-12-18 16:50:24,747 ERROR add_watch: cannot watch /home/jtsadmin/django/PowerStatus/PowerApp/urls.py WD=-1, Errno=No space left on device (ENOSPC)
2018-12-18 16:50:24,747 ERROR add_watch: cannot watch /usr/local/lib/python2.7/dist-packages/corsheaders/signals.py WD=-1, Errno=No space left on device (ENOSPC)
2018-12-18 16:50:24,747 ERROR add_watch: cannot watch /usr/local/lib/python2.7/dist-packages/django/contrib/messages/storage/cookie.py WD=-1, Errno=No space left on device (ENOSPC)
2018-12-18 16:50:24,747 ERROR add_watch: cannot watch /usr/local/lib/python2.7/dist-packages/django/contrib/messages/utils.py WD=-1, Errno=No space left on device (ENOSPC)
2018-12-18 16:50:24,748 ERROR add_watch: cannot watch /usr/local/lib/python2.7/dist-packages/django/contrib/auth/migrations/0002_alter_permission_name_max_length.py WD=-1, Errno=No space left on device (ENOSPC)
2018-12-18 16:50:24,748 ERROR add_watch: cannot watch /usr/local/lib/python2.7/dist-packages/corsheaders/compat.py WD=-1, Errno=No space left on device (ENOSPC)
2018-12-18 16:50:24,748 ERROR add_watch: cannot watch /usr/local/lib/python2.7/dist-packages/django/contrib/sessions/backends/base.py WD=-1, Errno=No space left on device (ENOSPC)
2018-12-18 16:50:24,748 ERROR add_watch: cannot watch /home/jtsadmin/django/PowerStatus/PowerApp/views.py WD=-1, Errno=No space left on device (ENOSPC)
2018-12-18 16:50:24,748 ERROR add_watch: cannot watch /usr/local/lib/python2.7/dist-packages/django/contrib/staticfiles/templatetags/__init__.py WD=-1, Errno=No space left on device (ENOSPC)
2018-12-18 16:50:24,748 ERROR add_watch: cannot watch /usr/local/lib/python2.7/dist-packages/django/templatetags/l10n.py WD=-1, Errno=No space left on device (ENOSPC)
2018-12-18 16:50:24,748 ERROR add_watch: cannot watch /usr/local/lib/python2.7/dist-packages/django/db/backends/mysql/compiler.py WD=-1, Errno=No space left on device (ENOSPC)
2018-12-18 16:50:24,748 ERROR add_watch: cannot watch /usr/local/lib/python2.7/dist-packages/django/contrib/auth/migrations/0005_alter_user_last_login_null.py WD=-1, Errno=No space left on device (ENOSPC)
2018-12-18 16:50:24,748 ERROR add_watch: cannot watch /usr/local/lib/python2.7/dist-packages/django/middleware/clickjacking.py WD=-1, Errno=No space left on device (ENOSPC)
2018-12-18 16:50:24,749 ERROR add_watch: cannot watch /usr/local/lib/python2.7/dist-packages/django/contrib/admin/views/main.py WD=-1, Errno=No space left on device (ENOSPC)
2018-12-18 16:50:24,749 ERROR add_watch: cannot watch /usr/local/lib/python2.7/dist-packages/django/contrib/messages/storage/base.py WD=-1, Errno=No space left on device (ENOSPC)
2018-12-18 16:50:24,749 ERROR add_watch: cannot watch /usr/local/lib/python2.7/dist-packages/django/contrib/sessions/serializers.py WD=-1, Errno=No space left on device (ENOSPC)
2018-12-18 16:50:24,749 ERROR add_watch: cannot watch /usr/local/lib/python2.7/dist-packages/django/contrib/sessions/backends/db.py WD=-1, Errno=No space left on device (ENOSPC)
2018-12-18 16:50:24,749 ERROR add_watch: cannot watch /usr/local/lib/python2.7/dist-packages/django/contrib/sessions/backends/__init__.py WD=-1, Errno=No space left on device (ENOSPC)
2018-12-18 16:50:24,749 ERROR add_watch: cannot watch /usr/local/lib/python2.7/dist-packages/django/contrib/admin/templatetags/admin_static.py WD=-1, Errno=No space left on device (ENOSPC)
2018-12-18 16:50:24,749 ERROR add_watch: cannot watch /usr/local/lib/python2.7/dist-packages/django/contrib/admin/migrations/0001_initial.py WD=-1, Errno=No space left on device (ENOSPC)
2018-12-18 16:50:24,749 ERROR add_watch: cannot watch /usr/local/lib/python2.7/dist-packages/django/middleware/security.py WD=-1, Errno=No space left on device (ENOSPC)
2018-12-18 16:50:24,749 ERROR add_watch: cannot watch /usr/local/lib/python2.7/dist-packages/django/contrib/auth/migrations/__init__.py WD=-1, Errno=No space left on device (ENOSPC)
2018-12-18 16:50:24,750 ERROR add_watch: cannot watch /usr/local/lib/python2.7/dist-packages/django/contrib/contenttypes/migrations/0001_initial.py WD=-1, Errno=No space left on device (ENOSPC)
2018-12-18 16:50:24,750 ERROR add_watch: cannot watch /usr/local/lib/python2.7/dist-packages/django/db/migrations/executor.py WD=-1, Errno=No space left on device (ENOSPC)
2018-12-18 16:50:24,750 ERROR add_watch: cannot watch /usr/local/lib/python2.7/dist-packages/django/contrib/messages/storage/fallback.py WD=-1, Errno=No space left on device (ENOSPC)
2018-12-18 16:50:24,750 ERROR add_watch: cannot watch /usr/lib/python2.7/sndhdr.py WD=-1, Errno=No space left on device (ENOSPC)
2018-12-18 16:50:24,750 ERROR add_watch: cannot watch /usr/local/lib/python2.7/dist-packages/django/contrib/admin/templatetags/admin_modify.py WD=-1, Errno=No space left on device (ENOSPC)
2018-12-18 16:50:24,750 ERROR add_watch: cannot watch /usr/local/lib/python2.7/dist-packages/django/contrib/sessions/middleware.py WD=-1, Errno=No space left on device (ENOSPC)
2018-12-18 16:50:24,750 ERROR add_watch: cannot watch /usr/local/lib/python2.7/dist-packages/django/templatetags/cache.py WD=-1, Errno=No space left on device (ENOSPC)
2018-12-18 16:50:24,750 ERROR add_watch: cannot watch /usr/local/lib/python2.7/dist-packages/django/contrib/sessions/migrations/__init__.py WD=-1, Errno=No space left on device (ENOSPC)
2018-12-18 16:50:24,750 ERROR add_watch: cannot watch /usr/local/lib/python2.7/dist-packages/django/contrib/admin/migrations/0002_logentry_remove_auto_add.py WD=-1, Errno=No space left on device (ENOSPC)
2018-12-18 16:50:24,750 ERROR add_watch: cannot watch /usr/local/lib/python2.7/dist-packages/django/contrib/auth/migrations/0003_alter_user_email_max_length.py WD=-1, Errno=No space left on device (ENOSPC)
2018-12-18 16:50:24,750 ERROR add_watch: cannot watch /usr/local/lib/python2.7/dist-packages/django/db/migrations/graph.py WD=-1, Errno=No space left on device (ENOSPC)
2018-12-18 16:50:24,750 ERROR add_watch: cannot watch /usr/local/lib/python2.7/dist-packages/django/contrib/messages/middleware.py WD=-1, Errno=No space left on device (ENOSPC)
2018-12-18 16:50:24,751 ERROR add_watch: cannot watch /usr/local/lib/python2.7/dist-packages/django/contrib/auth/migrations/0008_alter_user_username_max_length.py WD=-1, Errno=No space left on device (ENOSPC)
2018-12-18 16:50:24,751 ERROR add_watch: cannot watch /usr/local/lib/python2.7/dist-packages/django/contrib/auth/migrations/0007_alter_validators_add_error_messages.py WD=-1, Errno=No space left on device (ENOSPC)
2018-12-18 16:50:24,751 ERROR add_watch: cannot watch /usr/local/lib/python2.7/dist-packages/django/contrib/staticfiles/templatetags/staticfiles.py WD=-1, Errno=No space left on device (ENOSPC)
2018-12-18 16:50:24,751 ERROR add_watch: cannot watch /usr/local/lib/python2.7/dist-packages/django/contrib/auth/backends.py WD=-1, Errno=No space left on device (ENOSPC)
2018-12-18 16:50:24,751 ERROR add_watch: cannot watch /usr/local/lib/python2.7/dist-packages/corsheaders/middleware.py WD=-1, Errno=No space left on device (ENOSPC)
2018-12-18 16:50:24,751 ERROR add_watch: cannot watch /usr/local/lib/python2.7/dist-packages/django/contrib/auth/middleware.py WD=-1, Errno=No space left on device (ENOSPC)
2018-12-18 16:50:24,751 ERROR add_watch: cannot watch /usr/lib/python2.7/imghdr.py WD=-1, Errno=No space left on device (ENOSPC)
2018-12-18 16:50:24,751 ERROR add_watch: cannot watch /usr/local/lib/python2.7/dist-packages/django/db/migrations/recorder.py WD=-1, Errno=No space left on device (ENOSPC)
2018-12-18 16:50:24,751 ERROR add_watch: cannot watch /usr/local/lib/python2.7/dist-packages/django/contrib/contenttypes/migrations/0002_remove_content_type_name.py WD=-1, Errno=No space left on device (ENOSPC)
2018-12-18 16:50:24,751 ERROR add_watch: cannot watch /usr/local/lib/python2.7/dist-packages/django/contrib/admin/templatetags/admin_list.py WD=-1, Errno=No space left on device (ENOSPC)
2018-12-18 16:50:24,752 ERROR add_watch: cannot watch /usr/local/lib/python2.7/dist-packages/django/shortcuts.py WD=-1, Errno=No space left on device (ENOSPC)
2018-12-18 16:50:24,752 ERROR add_watch: cannot watch /usr/local/lib/python2.7/dist-packages/django/contrib/messages/storage/session.py WD=-1, Errno=No space left on device (ENOSPC)
2018-12-18 16:50:56,544 ERROR add_watch: cannot watch /usr/lib/python2.7/_strptime.py WD=-1, Errno=No space left on device (ENOSPC)
2018-12-18 16:54:09,932 DEBUG login: request is from the IP:27.6.183.167
2018-12-18 16:54:09,932 DEBUG login:input: user=admin
2018-12-18 17:13:04,055 ERROR add_watch: cannot watch /usr/local/lib/python2.7/dist-packages/django/shortcuts.py WD=-1, Errno=No space left on device (ENOSPC)
2018-12-18 17:13:04,056 ERROR add_watch: cannot watch /usr/local/lib/python2.7/dist-packages/corsheaders/middleware.py WD=-1, Errno=No space left on device (ENOSPC)
2018-12-18 17:13:04,056 ERROR add_watch: cannot watch /usr/local/lib/python2.7/dist-packages/django/middleware/common.py WD=-1, Errno=No space left on device (ENOSPC)
2018-12-18 17:13:04,056 ERROR add_watch: cannot watch /usr/local/lib/python2.7/dist-packages/django/templatetags/i18n.py WD=-1, Errno=No space left on device (ENOSPC)
2018-12-18 17:13:04,056 ERROR add_watch: cannot watch /usr/local/lib/python2.7/dist-packages/django/db/migrations/loader.py WD=-1, Errno=No space left on device (ENOSPC)
2018-12-18 17:13:04,056 ERROR add_watch: cannot watch /usr/local/lib/python2.7/dist-packages/django/contrib/auth/migrations/0007_alter_validators_add_error_messages.py WD=-1, Errno=No space left on device (ENOSPC)
2018-12-18 17:13:04,056 ERROR add_watch: cannot watch /usr/local/lib/python2.7/dist-packages/django/contrib/auth/migrations/0001_initial.py WD=-1, Errno=No space left on device (ENOSPC)
2018-12-18 17:13:04,057 ERROR add_watch: cannot watch /usr/local/lib/python2.7/dist-packages/django/contrib/admin/templatetags/log.py WD=-1, Errno=No space left on device (ENOSPC)
2018-12-18 17:13:04,057 ERROR add_watch: cannot watch /usr/local/lib/python2.7/dist-packages/django/contrib/contenttypes/views.py WD=-1, Errno=No space left on device (ENOSPC)
2018-12-18 17:13:04,057 ERROR add_watch: cannot watch /home/jtsadmin/django/PowerStatus/PowerApp/migrations/0001_initial.py WD=-1, Errno=No space left on device (ENOSPC)
2018-12-18 17:13:04,057 ERROR add_watch: cannot watch /usr/local/lib/python2.7/dist-packages/django/contrib/admin/templatetags/admin_modify.py WD=-1, Errno=No space left on device (ENOSPC)
2018-12-18 17:13:04,057 ERROR add_watch: cannot watch /usr/local/lib/python2.7/dist-packages/django/contrib/sessions/middleware.py WD=-1, Errno=No space left on device (ENOSPC)
2018-12-18 17:13:04,057 ERROR add_watch: cannot watch /usr/local/lib/python2.7/dist-packages/django/contrib/messages/storage/fallback.py WD=-1, Errno=No space left on device (ENOSPC)
2018-12-18 17:13:04,057 ERROR add_watch: cannot watch /usr/local/lib/python2.7/dist-packages/django/contrib/auth/backends.py WD=-1, Errno=No space left on device (ENOSPC)
2018-12-18 17:13:04,057 ERROR add_watch: cannot watch /usr/local/lib/python2.7/dist-packages/django/contrib/sessions/backends/__init__.py WD=-1, Errno=No space left on device (ENOSPC)
2018-12-18 17:13:04,057 ERROR add_watch: cannot watch /usr/local/lib/python2.7/dist-packages/django/contrib/sites/requests.py WD=-1, Errno=No space left on device (ENOSPC)
2018-12-18 17:13:04,057 ERROR add_watch: cannot watch /usr/local/lib/python2.7/dist-packages/django/contrib/admin/migrations/0002_logentry_remove_auto_add.py WD=-1, Errno=No space left on device (ENOSPC)
2018-12-18 17:13:04,058 ERROR add_watch: cannot watch /home/jtsadmin/django/PowerStatus/PowerApp/urls.py WD=-1, Errno=No space left on device (ENOSPC)
2018-12-18 17:13:04,058 ERROR add_watch: cannot watch /usr/local/lib/python2.7/dist-packages/django/contrib/admin/migrations/__init__.py WD=-1, Errno=No space left on device (ENOSPC)
2018-12-18 17:13:04,058 ERROR add_watch: cannot watch /usr/local/lib/python2.7/dist-packages/django/contrib/messages/utils.py WD=-1, Errno=No space left on device (ENOSPC)
2018-12-18 17:13:04,058 ERROR add_watch: cannot watch /usr/local/lib/python2.7/dist-packages/django/core/cache/utils.py WD=-1, Errno=No space left on device (ENOSPC)
2018-12-18 17:13:04,058 ERROR add_watch: cannot watch /usr/local/lib/python2.7/dist-packages/django/contrib/messages/storage/base.py WD=-1, Errno=No space left on device (ENOSPC)
2018-12-18 17:13:04,058 ERROR add_watch: cannot watch /usr/local/lib/python2.7/dist-packages/django/contrib/admin/templatetags/admin_list.py WD=-1, Errno=No space left on device (ENOSPC)
2018-12-18 17:13:04,058 ERROR add_watch: cannot watch /usr/local/lib/python2.7/dist-packages/django/contrib/staticfiles/templatetags/__init__.py WD=-1, Errno=No space left on device (ENOSPC)
2018-12-18 17:13:04,058 ERROR add_watch: cannot watch /usr/local/lib/python2.7/dist-packages/django/templatetags/l10n.py WD=-1, Errno=No space left on device (ENOSPC)
2018-12-18 17:13:04,058 ERROR add_watch: cannot watch /usr/local/lib/python2.7/dist-packages/django/db/backends/mysql/compiler.py WD=-1, Errno=No space left on device (ENOSPC)
2018-12-18 17:13:04,059 ERROR add_watch: cannot watch /usr/local/lib/python2.7/dist-packages/django/contrib/auth/migrations/0005_alter_user_last_login_null.py WD=-1, Errno=No space left on device (ENOSPC)
2018-12-18 17:13:04,059 ERROR add_watch: cannot watch /usr/local/lib/python2.7/dist-packages/django/contrib/messages/middleware.py WD=-1, Errno=No space left on device (ENOSPC)
2018-12-18 17:13:04,059 ERROR add_watch: cannot watch /usr/local/lib/python2.7/dist-packages/django/contrib/admin/views/main.py WD=-1, Errno=No space left on device (ENOSPC)
2018-12-18 17:13:04,059 ERROR add_watch: cannot watch /usr/local/lib/python2.7/dist-packages/corsheaders/compat.py WD=-1, Errno=No space left on device (ENOSPC)
2018-12-18 17:13:04,059 ERROR add_watch: cannot watch /usr/local/lib/python2.7/dist-packages/django/contrib/sessions/backends/db.py WD=-1, Errno=No space left on device (ENOSPC)
2018-12-18 17:13:04,059 ERROR add_watch: cannot watch /usr/local/lib/python2.7/dist-packages/django/contrib/sessions/serializers.py WD=-1, Errno=No space left on device (ENOSPC)
2018-12-18 17:13:04,059 ERROR add_watch: cannot watch /usr/local/lib/python2.7/dist-packages/django/contrib/admin/templatetags/admin_static.py WD=-1, Errno=No space left on device (ENOSPC)
2018-12-18 17:13:04,059 ERROR add_watch: cannot watch /usr/local/lib/python2.7/dist-packages/django/contrib/admin/migrations/0001_initial.py WD=-1, Errno=No space left on device (ENOSPC)
2018-12-18 17:13:04,059 ERROR add_watch: cannot watch /home/jtsadmin/django/PowerStatus/PowerApp/views.py WD=-1, Errno=No space left on device (ENOSPC)
2018-12-18 17:13:04,059 ERROR add_watch: cannot watch /usr/local/lib/python2.7/dist-packages/django/contrib/auth/migrations/__init__.py WD=-1, Errno=No space left on device (ENOSPC)
2018-12-18 17:13:04,060 ERROR add_watch: cannot watch /usr/local/lib/python2.7/dist-packages/django/contrib/contenttypes/migrations/0001_initial.py WD=-1, Errno=No space left on device (ENOSPC)
2018-12-18 17:13:04,060 ERROR add_watch: cannot watch /usr/local/lib/python2.7/dist-packages/django/db/migrations/executor.py WD=-1, Errno=No space left on device (ENOSPC)
2018-12-18 17:13:04,060 ERROR add_watch: cannot watch /usr/local/lib/python2.7/dist-packages/django/contrib/sessions/backends/base.py WD=-1, Errno=No space left on device (ENOSPC)
2018-12-18 17:13:04,060 ERROR add_watch: cannot watch /usr/local/lib/python2.7/dist-packages/django/contrib/auth/migrations/0004_alter_user_username_opts.py WD=-1, Errno=No space left on device (ENOSPC)
2018-12-18 17:13:04,060 ERROR add_watch: cannot watch /usr/local/lib/python2.7/dist-packages/django/contrib/sessions/exceptions.py WD=-1, Errno=No space left on device (ENOSPC)
2018-12-18 17:13:04,060 ERROR add_watch: cannot watch /usr/local/lib/python2.7/dist-packages/django/contrib/messages/storage/session.py WD=-1, Errno=No space left on device (ENOSPC)
2018-12-18 17:13:04,060 ERROR add_watch: cannot watch /usr/local/lib/python2.7/dist-packages/django/templatetags/cache.py WD=-1, Errno=No space left on device (ENOSPC)
2018-12-18 17:13:04,060 ERROR add_watch: cannot watch /usr/local/lib/python2.7/dist-packages/django/contrib/sessions/migrations/__init__.py WD=-1, Errno=No space left on device (ENOSPC)
2018-12-18 17:13:04,060 ERROR add_watch: cannot watch /usr/local/lib/python2.7/dist-packages/django/contrib/auth/middleware.py WD=-1, Errno=No space left on device (ENOSPC)
2018-12-18 17:13:04,060 ERROR add_watch: cannot watch /usr/local/lib/python2.7/dist-packages/django/contrib/messages/storage/cookie.py WD=-1, Errno=No space left on device (ENOSPC)
2018-12-18 17:13:04,061 ERROR add_watch: cannot watch /usr/local/lib/python2.7/dist-packages/django/templatetags/tz.py WD=-1, Errno=No space left on device (ENOSPC)
2018-12-18 17:13:04,061 ERROR add_watch: cannot watch /usr/local/lib/python2.7/dist-packages/django/contrib/auth/migrations/0003_alter_user_email_max_length.py WD=-1, Errno=No space left on device (ENOSPC)
2018-12-18 17:13:04,061 ERROR add_watch: cannot watch /usr/local/lib/python2.7/dist-packages/django/db/migrations/graph.py WD=-1, Errno=No space left on device (ENOSPC)
2018-12-18 17:13:04,061 ERROR add_watch: cannot watch /usr/local/lib/python2.7/dist-packages/django/contrib/auth/migrations/0008_alter_user_username_max_length.py WD=-1, Errno=No space left on device (ENOSPC)
2018-12-18 17:13:04,061 ERROR add_watch: cannot watch /home/jtsadmin/django/PowerStatus/PowerApp/migrations/__init__.py WD=-1, Errno=No space left on device (ENOSPC)
2018-12-18 17:13:04,061 ERROR add_watch: cannot watch /usr/lib/python2.7/encodings/latin_1.py WD=-1, Errno=No space left on device (ENOSPC)
2018-12-18 17:13:04,061 ERROR add_watch: cannot watch /usr/local/lib/python2.7/dist-packages/django/contrib/staticfiles/templatetags/staticfiles.py WD=-1, Errno=No space left on device (ENOSPC)
2018-12-18 17:13:04,061 ERROR add_watch: cannot watch /usr/local/lib/python2.7/dist-packages/django/contrib/auth/migrations/0002_alter_permission_name_max_length.py WD=-1, Errno=No space left on device (ENOSPC)
2018-12-18 17:13:04,061 ERROR add_watch: cannot watch /usr/lib/python2.7/imghdr.py WD=-1, Errno=No space left on device (ENOSPC)
2018-12-18 17:13:04,061 ERROR add_watch: cannot watch /usr/local/lib/python2.7/dist-packages/django/contrib/contenttypes/migrations/0002_remove_content_type_name.py WD=-1, Errno=No space left on device (ENOSPC)
2018-12-18 17:13:04,062 ERROR add_watch: cannot watch /usr/local/lib/python2.7/dist-packages/django/middleware/security.py WD=-1, Errno=No space left on device (ENOSPC)
2018-12-18 17:13:04,062 ERROR add_watch: cannot watch /usr/local/lib/python2.7/dist-packages/django/middleware/clickjacking.py WD=-1, Errno=No space left on device (ENOSPC)
2018-12-18 17:13:04,062 ERROR add_watch: cannot watch /usr/local/lib/python2.7/dist-packages/django/contrib/contenttypes/migrations/__init__.py WD=-1, Errno=No space left on device (ENOSPC)
2018-12-18 17:13:04,062 ERROR add_watch: cannot watch /usr/local/lib/python2.7/dist-packages/corsheaders/signals.py WD=-1, Errno=No space left on device (ENOSPC)
2018-12-18 17:34:38,991 DEBUG login: request is from the IP:122.175.46.31
2018-12-18 17:34:38,991 DEBUG login:input: user=admin
2018-12-18 17:34:56,673 ERROR add_watch: cannot watch /usr/lib/python2.7/_strptime.py WD=-1, Errno=No space left on device (ENOSPC)
2018-12-19 12:11:52,995 DEBUG login: request is from the IP:115.118.115.169
2018-12-19 12:11:52,995 DEBUG login:input: user=admin
2018-12-19 15:24:02,129 WARNING Not Found: /robots.txt
2018-12-19 15:24:05,976 WARNING Not Found: /
2018-12-23 04:33:54,427 ERROR Invalid HTTP_HOST header: '132.148.137.18:5910'. You may need to add u'132.148.137.18' to ALLOWED_HOSTS.
2019-01-05 12:39:26,918 DEBUG login: request is from the IP:27.6.183.167
2019-01-05 12:39:27,017 DEBUG login:input: user=admin
2019-01-14 12:58:48,871 DEBUG login: request is from the IP:122.175.53.53
2019-01-14 12:58:48,885 DEBUG login:input: user=sury
2019-01-14 12:58:50,835 DEBUG login: request is from the IP:122.175.53.53
2019-01-14 12:58:50,848 DEBUG login:input: user=surya
2019-01-14 12:58:51,811 DEBUG login: request is from the IP:122.175.53.53
2019-01-14 12:58:51,811 DEBUG login:input: user=surya
2019-01-19 11:12:54,186 WARNING Not Found: /
2019-01-19 11:12:54,671 WARNING Not Found: /favicon.ico
